J2	201
+Function:	j_index
+Time/date:	16:49 19/3/2016
+Input file:	/nfs/see-fs-01_teaching/ee12lmb/project/data/quartz_simple_shear_VPSC_big/TEX_PH1.OUT
+Crystal:	quartz
+Grains:	5000
+Seed:		1
+Time taken(s):	769.929163
+Columns:	Strain,J-index
Data
   0.03500    1.02296
   0.07000    1.03978
   0.10500    1.06419
   0.14000    1.09469
   0.17500    1.13011
   0.21000    1.16956
   0.24500    1.21230
   0.28000    1.25787
   0.31500    1.30582
   0.35000    1.35598
   0.38500    1.40819
   0.42000    1.46239
   0.45500    1.51853
   0.49000    1.57677
   0.52500    1.63726
   0.56000    1.70021
   0.59500    1.76583
   0.63000    1.83425
   0.66500    1.90573
   0.70000    1.98039
   0.73500    2.05836
   0.77000    2.13967
   0.80500    2.22427
   0.84000    2.31208
   0.87500    2.40298
   0.91000    2.49664
   0.94500    2.59294
   0.98000    2.69163
   1.01500    2.79242
   1.05000    2.89502
   1.08500    2.99910
   1.12000    3.10446
   1.15500    3.21078
   1.19000    3.31782
   1.22500    3.42530
   1.26000    3.53300
   1.29500    3.64047
   1.33000    3.74762
   1.36500    3.85416
   1.40000    3.95986
   1.43500    4.06448
   1.47000    4.16774
   1.50500    4.26943
   1.54000    4.36935
   1.57500    4.46730
   1.61000    4.56310
   1.64500    4.65660
   1.68000    4.74771
   1.71500    4.83627
   1.75000    4.92202
   1.78500    5.00514
   1.82000    5.08533
   1.85500    5.16268
   1.89000    5.23724
   1.92500    5.30893
   1.96000    5.37783
   1.99500    5.44392
   2.03000    5.50728
   2.06500    5.56785
   2.10000    5.62567
   2.13500    5.68080
   2.17000    5.73321
   2.20500    5.78296
   2.24000    5.83009
   2.27500    5.87462
   2.31000    5.91669
   2.34500    5.95624
   2.38000    5.99348
   2.41500    6.02842
   2.45000    6.06103
   2.48500    6.09145
   2.52000    6.11963
   2.55500    6.14541
   2.59000    6.16877
   2.62500    6.18961
   2.66000    6.20786
   2.69500    6.22337
   2.73000    6.23616
   2.76500    6.24620
   2.80000    6.25339
   2.83500    6.25785
   2.87000    6.25942
   2.90500    6.25815
   2.94000    6.25405
   2.97500    6.24698
   3.01000    6.23715
   3.04500    6.22432
   3.08000    6.20854
   3.11500    6.18974
   3.15000    6.16772
   3.18500    6.14264
   3.22000    6.11417
   3.25500    6.08253
   3.29000    6.04752
   3.32500    6.00920
   3.36000    5.96746
   3.39500    5.92260
   3.43000    5.87449
   3.46500    5.82349
   3.50000    5.76953
   3.53500    5.71281
   3.57000    5.65313
   3.60500    5.59067
   3.64000    5.52523
   3.67500    5.45657
   3.71000    5.38451
   3.74500    5.30903
   3.78000    5.22986
   3.81500    5.14697
   3.85000    5.06023
   3.88500    4.96959
   3.92000    4.87508
   3.95500    4.77680
   3.99000    4.67487
   4.02500    4.56952
   4.06000    4.46087
   4.09500    4.34914
   4.13000    4.23444
   4.16500    4.11709
   4.20000    3.99736
   4.23500    3.87548
   4.27000    3.75169
   4.30500    3.62651
   4.34000    3.50051
   4.37500    3.37412
   4.41000    3.24837
   4.44500    3.12373
   4.48000    3.00122
   4.51500    2.88161
   4.55000    2.76546
   4.58500    2.65312
   4.62000    2.54473
   4.65500    2.44048
   4.69000    2.34049
   4.72500    2.24499
   4.76000    2.15419
   4.79500    2.06831
   4.83000    1.98748
   4.86500    1.91164
   4.90000    1.84079
   4.93500    1.77486
   4.97000    1.71386
   5.00500    1.65772
   5.04000    1.60622
   5.07500    1.55906
   5.11000    1.51592
   5.14500    1.47639
   5.18000    1.44011
   5.21500    1.40672
   5.25000    1.37610
   5.28500    1.34803
   5.32000    1.32233
   5.35500    1.29882
   5.39000    1.27734
   5.42500    1.25779
   5.46000    1.24018
   5.49500    1.22448
   5.53000    1.21072
   5.56500    1.19893
   5.60000    1.18922
   5.63500    1.18177
   5.67000    1.17685
   5.70500    1.17471
   5.74000    1.17554
   5.77500    1.17946
   5.81000    1.18653
   5.84500    1.19670
   5.88000    1.20988
   5.91500    1.22596
   5.95000    1.24485
   5.98500    1.26653
   6.02000    1.29097
   6.05500    1.31827
   6.09000    1.34857
   6.12500    1.38209
   6.16000    1.41906
   6.19500    1.45974
   6.23000    1.50439
   6.26500    1.55332
   6.30000    1.60690
   6.33500    1.66546
   6.37000    1.72925
   6.40500    1.79841
   6.44000    1.87296
   6.47500    1.95280
   6.51000    2.03770
   6.54500    2.12738
   6.58000    2.22149
   6.61500    2.31969
   6.65000    2.42157
   6.68500    2.52673
   6.72000    2.63479
   6.75500    2.74536
   6.79000    2.85813
   6.82500    2.97282
   6.86000    3.08908
   6.89500    3.20649
   6.93000    3.32486
   6.96500    3.44356
   7.00000    3.56223
   7.00000    3.56223
