MC2	201
+Function:	m_indexCont
+Time/date:	16:49 19/3/2016
+Input file:	/nfs/see-fs-01_teaching/ee12lmb/project/data/quartz_simple_shear_VPSC_big/TEX_PH1.OUT
+Crystal:	quartz
+Grains:	5000
+Seed:		1
+Time taken(s):	2576.696751
+Columns:	Strain,M-index
Data
   0.03500    0.00128
   0.07000    0.00386
   0.10500    0.00741
   0.14000    0.01170
   0.17500    0.01653
   0.21000    0.02178
   0.24500    0.02735
   0.28000    0.03317
   0.31500    0.03916
   0.35000    0.04529
   0.38500    0.05151
   0.42000    0.05780
   0.45500    0.06414
   0.49000    0.07053
   0.52500    0.07693
   0.56000    0.08334
   0.59500    0.08976
   0.63000    0.09615
   0.66500    0.10253
   0.70000    0.10889
   0.73500    0.11523
   0.77000    0.12154
   0.80500    0.12781
   0.84000    0.13404
   0.87500    0.14022
   0.91000    0.14634
   0.94500    0.15238
   0.98000    0.15838
   1.01500    0.16429
   1.05000    0.17010
   1.08500    0.17583
   1.12000    0.18145
   1.15500    0.18697
   1.19000    0.19237
   1.22500    0.19765
   1.26000    0.20281
   1.29500    0.20784
   1.33000    0.21273
   1.36500    0.21749
   1.40000    0.22212
   1.43500    0.22661
   1.47000    0.23095
   1.50500    0.23515
   1.54000    0.23920
   1.57500    0.24310
   1.61000    0.24685
   1.64500    0.25045
   1.68000    0.25390
   1.71500    0.25721
   1.75000    0.26037
   1.78500    0.26339
   1.82000    0.26627
   1.85500    0.26900
   1.89000    0.27161
   1.92500    0.27408
   1.96000    0.27642
   1.99500    0.27864
   2.03000    0.28073
   2.06500    0.28268
   2.10000    0.28451
   2.13500    0.28622
   2.17000    0.28780
   2.20500    0.28927
   2.24000    0.29063
   2.27500    0.29187
   2.31000    0.29301
   2.34500    0.29405
   2.38000    0.29498
   2.41500    0.29582
   2.45000    0.29657
   2.48500    0.29721
   2.52000    0.29777
   2.55500    0.29824
   2.59000    0.29861
   2.62500    0.29889
   2.66000    0.29909
   2.69500    0.29919
   2.73000    0.29920
   2.76500    0.29913
   2.80000    0.29897
   2.83500    0.29873
   2.87000    0.29841
   2.90500    0.29801
   2.94000    0.29752
   2.97500    0.29695
   3.01000    0.29628
   3.04500    0.29553
   3.08000    0.29469
   3.11500    0.29377
   3.15000    0.29276
   3.18500    0.29167
   3.22000    0.29051
   3.25500    0.28926
   3.29000    0.28792
   3.32500    0.28649
   3.36000    0.28496
   3.39500    0.28333
   3.43000    0.28159
   3.46500    0.27974
   3.50000    0.27777
   3.53500    0.27567
   3.57000    0.27343
   3.60500    0.27104
   3.64000    0.26851
   3.67500    0.26583
   3.71000    0.26301
   3.74500    0.26004
   3.78000    0.25693
   3.81500    0.25368
   3.85000    0.25029
   3.88500    0.24673
   3.92000    0.24303
   3.95500    0.23916
   3.99000    0.23511
   4.02500    0.23089
   4.06000    0.22651
   4.09500    0.22197
   4.13000    0.21728
   4.16500    0.21240
   4.20000    0.20738
   4.23500    0.20221
   4.27000    0.19689
   4.30500    0.19142
   4.34000    0.18579
   4.37500    0.18000
   4.41000    0.17408
   4.44500    0.16802
   4.48000    0.16183
   4.51500    0.15554
   4.55000    0.14917
   4.58500    0.14277
   4.62000    0.13635
   4.65500    0.12997
   4.69000    0.12363
   4.72500    0.11735
   4.76000    0.11114
   4.79500    0.10500
   4.83000    0.09895
   4.86500    0.09300
   4.90000    0.08717
   4.93500    0.08148
   4.97000    0.07593
   5.00500    0.07053
   5.04000    0.06530
   5.07500    0.06025
   5.11000    0.05539
   5.14500    0.05071
   5.18000    0.04622
   5.21500    0.04194
   5.25000    0.03788
   5.28500    0.03408
   5.32000    0.03056
   5.35500    0.02732
   5.39000    0.02438
   5.42500    0.02176
   5.46000    0.01946
   5.49500    0.01750
   5.53000    0.01589
   5.56500    0.01464
   5.60000    0.01378
   5.63500    0.01330
   5.67000    0.01320
   5.70500    0.01350
   5.74000    0.01419
   5.77500    0.01526
   5.81000    0.01670
   5.84500    0.01852
   5.88000    0.02071
   5.91500    0.02325
   5.95000    0.02613
   5.98500    0.02934
   6.02000    0.03287
   6.05500    0.03669
   6.09000    0.04080
   6.12500    0.04518
   6.16000    0.04981
   6.19500    0.05470
   6.23000    0.05982
   6.26500    0.06517
   6.30000    0.07072
   6.33500    0.07645
   6.37000    0.08235
   6.40500    0.08838
   6.44000    0.09454
   6.47500    0.10079
   6.51000    0.10712
   6.54500    0.11351
   6.58000    0.11995
   6.61500    0.12641
   6.65000    0.13291
   6.68500    0.13938
   6.72000    0.14581
   6.75500    0.15216
   6.79000    0.15844
   6.82500    0.16462
   6.86000    0.17070
   6.89500    0.17665
   6.93000    0.18246
   6.96500    0.18809
   7.00000    0.19354
   7.00000    0.19354
