MD2	201
+Function:	m_indexDisc
+Time/date:	13:29 21/3/2016
+Input file:	/nfs/see-fs-01_teaching/ee12lmb/project/data/quartz_simple_shear_VPSC_big/TEX_PH1.OUT
+Crystal:	quartz
+Grains:	5000 (bin size: 0.250000 degrees, binning: interp)
+Seed:		1
+Time taken(s):	273296.336209
+Columns:	Strain,M-index
Data
   0.03500    0.01989
   0.07000    0.01809
   0.10500    0.01610
   0.14000    0.01495
   0.17500    0.01535
   0.21000    0.01751
   0.24500    0.02114
   0.28000    0.02614
   0.31500    0.03190
   0.35000    0.03813
   0.38500    0.04445
   0.42000    0.05091
   0.45500    0.05748
   0.49000    0.06413
   0.52500    0.07077
   0.56000    0.07747
   0.59500    0.08415
   0.63000    0.09078
   0.66500    0.09739
   0.70000    0.10397
   0.73500    0.11048
   0.77000    0.11697
   0.80500    0.12345
   0.84000    0.12990
   0.87500    0.13626
   0.91000    0.14253
   0.94500    0.14871
   0.98000    0.15486
   1.01500    0.16093
   1.05000    0.16687
   1.08500    0.17270
   1.12000    0.17838
   1.15500    0.18394
   1.19000    0.18938
   1.22500    0.19477
   1.26000    0.19998
   1.29500    0.20510
   1.33000    0.21008
   1.36500    0.21497
   1.40000    0.21972
   1.43500    0.22435
   1.47000    0.22888
   1.50500    0.23323
   1.54000    0.23747
   1.57500    0.24151
   1.61000    0.24537
   1.64500    0.24909
   1.68000    0.25269
   1.71500    0.25609
   1.75000    0.25937
   1.78500    0.26256
   1.82000    0.26557
   1.85500    0.26843
   1.89000    0.27113
   1.92500    0.27371
   1.96000    0.27615
   1.99500    0.27841
   2.03000    0.28055
   2.06500    0.28254
   2.10000    0.28447
   2.13500    0.28622
   2.17000    0.28784
   2.20500    0.28933
   2.24000    0.29073
   2.27500    0.29193
   2.31000    0.29300
   2.34500    0.29399
   2.38000    0.29489
   2.41500    0.29571
   2.45000    0.29637
   2.48500    0.29699
   2.52000    0.29762
   2.55500    0.29807
   2.59000    0.29848
   2.62500    0.29877
   2.66000    0.29896
   2.69500    0.29904
   2.73000    0.29899
   2.76500    0.29885
   2.80000    0.29863
   2.83500    0.29836
   2.87000    0.29801
   2.90500    0.29756
   2.94000    0.29706
   2.97500    0.29646
   3.01000    0.29572
   3.04500    0.29493
   3.08000    0.29404
   3.11500    0.29310
   3.15000    0.29208
   3.18500    0.29102
   3.22000    0.28987
   3.25500    0.28857
   3.29000    0.28715
   3.32500    0.28566
   3.36000    0.28408
   3.39500    0.28245
   3.43000    0.28075
   3.46500    0.27894
   3.50000    0.27701
   3.53500    0.27494
   3.57000    0.27272
   3.60500    0.27036
   3.64000    0.26787
   3.67500    0.26518
   3.71000    0.26234
   3.74500    0.25930
   3.78000    0.25609
   3.81500    0.25270
   3.85000    0.24917
   3.88500    0.24547
   3.92000    0.24168
   3.95500    0.23770
   3.99000    0.23349
   4.02500    0.22913
   4.06000    0.22463
   4.09500    0.21998
   4.13000    0.21517
   4.16500    0.21016
   4.20000    0.20500
   4.23500    0.19972
   4.27000    0.19423
   4.30500    0.18868
   4.34000    0.18295
   4.37500    0.17705
   4.41000    0.17098
   4.44500    0.16479
   4.48000    0.15849
   4.51500    0.15205
   4.55000    0.14554
   4.58500    0.13898
   4.62000    0.13238
   4.65500    0.12579
   4.69000    0.11918
   4.72500    0.11263
   4.76000    0.10614
   4.79500    0.09972
   4.83000    0.09339
   4.86500    0.08715
   4.90000    0.08103
   4.93500    0.07510
   4.97000    0.06931
   5.00500    0.06365
   5.04000    0.05822
   5.07500    0.05301
   5.11000    0.04792
   5.14500    0.04309
   5.18000    0.03859
   5.21500    0.03427
   5.25000    0.03040
   5.28500    0.02691
   5.32000    0.02382
   5.35500    0.02113
   5.39000    0.01889
   5.42500    0.01714
   5.46000    0.01594
   5.49500    0.01523
   5.53000    0.01491
   5.56500    0.01471
   5.60000    0.01476
   5.63500    0.01479
   5.67000    0.01480
   5.70500    0.01480
   5.74000    0.01481
   5.77500    0.01487
   5.81000    0.01503
   5.84500    0.01561
   5.88000    0.01672
   5.91500    0.01831
   5.95000    0.02036
   5.98500    0.02293
   6.02000    0.02594
   6.05500    0.02949
   6.09000    0.03352
   6.12500    0.03796
   6.16000    0.04272
   6.19500    0.04776
   6.23000    0.05307
   6.26500    0.05863
   6.30000    0.06442
   6.33500    0.07034
   6.37000    0.07645
   6.40500    0.08269
   6.44000    0.08906
   6.47500    0.09550
   6.51000    0.10200
   6.54500    0.10860
   6.58000    0.11523
   6.61500    0.12192
   6.65000    0.12855
   6.68500    0.13511
   6.72000    0.14160
   6.75500    0.14807
   6.79000    0.15450
   6.82500    0.16080
   6.86000    0.16696
   6.89500    0.17302
   6.93000    0.17890
   6.96500    0.18463
   7.00000    0.19024
   7.00000    0.19024
